# JRE version: Java(TM) SE Runtime Environment (21.0.5+9) (build 21.0.5+9-LTS-239)
# Java VM: Java HotSpot(TM) 64-Bit Server VM (21.0.5+9-LTS-239, mixed mode, sharing, tiered, compressed oops, compressed class ptrs, g1 gc, linux-amd64)
Heap:
 garbage-first heap   total 247808K, used 51857K [0x0000000711000000, 0x0000000800000000)
  region size 2048K, 24 young (49152K), 4 survivors (8192K)
 Metaspace       used 6318K, committed 6528K, reserved 1114112K
  class space    used 402K, committed 512K, reserved 1048576K
GC Heap History (16 events):
Event: 1,298 GC heap before
{Heap before GC invocations=0 (full 0):
 garbage-first heap   total 247808K, used 21558K [0x0000000711000000, 0x0000000800000000)
  region size 2048K, 11 young (22528K), 0 survivors (0K)
 Metaspace       used 6038K, committed 6208K, reserved 1114112K
  class space    used 389K, committed 512K, reserved 1048576K
}
Event: 1,301 GC heap after
{Heap after GC invocations=1 (full 0):
 garbage-first heap   total 247808K, used 4854K [0x0000000711000000, 0x0000000800000000)
  region size 2048K, 2 young (4096K), 2 survivors (4096K)
 Metaspace       used 6038K, committed 6208K, reserved 1114112K
  class space    used 389K, committed 512K, reserved 1048576K
}
Event: 2,251 GC heap before
{Heap before GC invocations=1 (full 0):
 garbage-first heap   total 247808K, used 39670K [0x0000000711000000, 0x0000000800000000)
  region size 2048K, 19 young (38912K), 2 survivors (4096K)
 Metaspace       used 6169K, committed 6400K, reserved 1114112K
  class space    used 389K, committed 512K, reserved 1048576K
}
Event: 2,253 GC heap after
{Heap after GC invocations=2 (full 0):
 garbage-first heap   total 247808K, used 5369K [0x0000000711000000, 0x0000000800000000)
  region size 2048K, 1 young (2048K), 1 survivors (2048K)
 Metaspace       used 6169K, committed 6400K, reserved 1114112K
  class space    used 389K, committed 512K, reserved 1048576K
}
Event: 6,683 GC heap before
{Heap before GC invocations=2 (full 0):
 garbage-first heap   total 247808K, used 150777K [0x0000000711000000, 0x0000000800000000)
  region size 2048K, 72 young (147456K), 1 survivors (2048K)
 Metaspace       used 6214K, committed 6464K, reserved 1114112K
  class space    used 389K, committed 512K, reserved 1048576K
}
Event: 6,685 GC heap after
{Heap after GC invocations=3 (full 0):
 garbage-first heap   total 247808K, used 6400K [0x0000000711000000, 0x0000000800000000)
  region size 2048K, 1 young (2048K), 1 survivors (2048K)
 Metaspace       used 6214K, committed 6464K, reserved 1114112K
  class space    used 389K, committed 512K, reserved 1048576K
}
Event: 10,996 GC heap before
{Heap before GC invocations=3 (full 0):
 garbage-first heap   total 247808K, used 151808K [0x0000000711000000, 0x0000000800000000)
  region size 2048K, 72 young (147456K), 1 survivors (2048K)
 Metaspace       used 6214K, committed 6464K, reserved 1114112K
  class space    used 389K, committed 512K, reserved 1048576K
}
Event: 10,998 GC heap after
{Heap after GC invocations=4 (full 0):
 garbage-first heap   total 247808K, used 7742K [0x0000000711000000, 0x0000000800000000)
  region size 2048K, 2 young (4096K), 2 survivors (4096K)
 Metaspace       used 6214K, committed 6464K, reserved 1114112K
  class space    used 389K, committed 512K, reserved 1048576K
}
Event: 15,350 GC heap before
{Heap before GC invocations=4 (full 0):
 garbage-first heap   total 247808K, used 151102K [0x0000000711000000, 0x0000000800000000)
  region size 2048K, 72 young (147456K), 2 survivors (4096K)
 Metaspace       used 6214K, committed 6464K, reserved 1114112K
  class space    used 389K, committed 512K, reserved 1048576K
}
Event: 15,352 GC heap after
{Heap after GC invocations=5 (full 0):
 garbage-first heap   total 247808K, used 9037K [0x0000000711000000, 0x0000000800000000)
  region size 2048K, 3 young (6144K), 3 survivors (6144K)
 Metaspace       used 6214K, committed 6464K, reserved 1114112K
  class space    used 389K, committed 512K, reserved 1048576K
}
Event: 19,537 GC heap before
{Heap before GC invocations=5 (full 0):
 garbage-first heap   total 247808K, used 150349K [0x0000000711000000, 0x0000000800000000)
  region size 2048K, 72 young (147456K), 3 survivors (6144K)
 Metaspace       used 6214K, committed 6464K, reserved 1114112K
  class space    used 389K, committed 512K, reserved 1048576K
}
Event: 19,540 GC heap after
{Heap after GC invocations=6 (full 0):
 garbage-first heap   total 247808K, used 10533K [0x0000000711000000, 0x0000000800000000)
  region size 2048K, 3 young (6144K), 3 survivors (6144K)
 Metaspace       used 6214K, committed 6464K, reserved 1114112K
  class space    used 389K, committed 512K, reserved 1048576K
}
Event: 202,982 GC heap before
{Heap before GC invocations=6 (full 0):
 garbage-first heap   total 247808K, used 151845K [0x0000000711000000, 0x0000000800000000)
  region size 2048K, 72 young (147456K), 3 survivors (6144K)
 Metaspace       used 6218K, committed 6464K, reserved 1114112K
  class space    used 389K, committed 512K, reserved 1048576K
}
Event: 202,986 GC heap after
{Heap after GC invocations=7 (full 0):
 garbage-first heap   total 247808K, used 12023K [0x0000000711000000, 0x0000000800000000)
  region size 2048K, 4 young (8192K), 4 survivors (8192K)
 Metaspace       used 6218K, committed 6464K, reserved 1114112K
  class space    used 389K, committed 512K, reserved 1048576K
}
Event: 207,157 GC heap before
{Heap before GC invocations=7 (full 0):
 garbage-first heap   total 247808K, used 151287K [0x0000000711000000, 0x0000000800000000)
  region size 2048K, 72 young (147456K), 4 survivors (8192K)
 Metaspace       used 6218K, committed 6464K, reserved 1114112K
  class space    used 389K, committed 512K, reserved 1048576K
}
Event: 207,161 GC heap after
{Heap after GC invocations=8 (full 0):
 garbage-first heap   total 247808K, used 12945K [0x0000000711000000, 0x0000000800000000)
  region size 2048K, 4 young (8192K), 4 survivors (8192K)
 Metaspace       used 6218K, committed 6464K, reserved 1114112K
  class space    used 389K, committed 512K, reserved 1048576K
}

