# JRE version: Java(TM) SE Runtime Environment (21.0.5+9) (build 21.0.5+9-LTS-239)
# Java VM: Java HotSpot(TM) 64-Bit Server VM (21.0.5+9-LTS-239, mixed mode, sharing, tiered, compressed oops, compressed class ptrs, g1 gc, linux-amd64)
Heap:
 garbage-first heap   total 247808K, used 173190K [0x0000000711000000, 0x0000000800000000)
  region size 2048K, 62 young (126976K), 6 survivors (12288K)
 Metaspace       used 6317K, committed 6528K, reserved 1114112K
  class space    used 402K, committed 512K, reserved 1048576K
GC Heap History (20 events):
Event: 1027,087 GC heap before
{Heap before GC invocations=33 (full 0):
 garbage-first heap   total 247808K, used 183067K [0x0000000711000000, 0x0000000800000000)
  region size 2048K, 72 young (147456K), 6 survivors (12288K)
 Metaspace       used 6217K, committed 6464K, reserved 1114112K
  class space    used 390K, committed 512K, reserved 1048576K
}
Event: 1027,094 GC heap after
{Heap after GC invocations=34 (full 0):
 garbage-first heap   total 247808K, used 49662K [0x0000000711000000, 0x0000000800000000)
  region size 2048K, 6 young (12288K), 6 survivors (12288K)
 Metaspace       used 6217K, committed 6464K, reserved 1114112K
  class space    used 390K, committed 512K, reserved 1048576K
}
Event: 1264,468 GC heap before
{Heap before GC invocations=34 (full 0):
 garbage-first heap   total 247808K, used 184830K [0x0000000711000000, 0x0000000800000000)
  region size 2048K, 72 young (147456K), 6 survivors (12288K)
 Metaspace       used 6217K, committed 6464K, reserved 1114112K
  class space    used 390K, committed 512K, reserved 1048576K
}
Event: 1264,472 GC heap after
{Heap after GC invocations=35 (full 0):
 garbage-first heap   total 247808K, used 50900K [0x0000000711000000, 0x0000000800000000)
  region size 2048K, 6 young (12288K), 6 survivors (12288K)
 Metaspace       used 6217K, committed 6464K, reserved 1114112K
  class space    used 390K, committed 512K, reserved 1048576K
}
Event: 1337,294 GC heap before
{Heap before GC invocations=35 (full 0):
 garbage-first heap   total 247808K, used 186068K [0x0000000711000000, 0x0000000800000000)
  region size 2048K, 72 young (147456K), 6 survivors (12288K)
 Metaspace       used 6217K, committed 6464K, reserved 1114112K
  class space    used 390K, committed 512K, reserved 1048576K
}
Event: 1337,299 GC heap after
{Heap after GC invocations=36 (full 0):
 garbage-first heap   total 247808K, used 51274K [0x0000000711000000, 0x0000000800000000)
  region size 2048K, 6 young (12288K), 6 survivors (12288K)
 Metaspace       used 6217K, committed 6464K, reserved 1114112K
  class space    used 390K, committed 512K, reserved 1048576K
}
Event: 1450,700 GC heap before
{Heap before GC invocations=36 (full 0):
 garbage-first heap   total 247808K, used 186442K [0x0000000711000000, 0x0000000800000000)
  region size 2048K, 72 young (147456K), 6 survivors (12288K)
 Metaspace       used 6217K, committed 6464K, reserved 1114112K
  class space    used 390K, committed 512K, reserved 1048576K
}
Event: 1450,707 GC heap after
{Heap after GC invocations=37 (full 0):
 garbage-first heap   total 247808K, used 52545K [0x0000000711000000, 0x0000000800000000)
  region size 2048K, 6 young (12288K), 6 survivors (12288K)
 Metaspace       used 6217K, committed 6464K, reserved 1114112K
  class space    used 390K, committed 512K, reserved 1048576K
}
Event: 1537,422 GC heap before
{Heap before GC invocations=37 (full 0):
 garbage-first heap   total 247808K, used 187713K [0x0000000711000000, 0x0000000800000000)
  region size 2048K, 72 young (147456K), 6 survivors (12288K)
 Metaspace       used 6217K, committed 6464K, reserved 1114112K
  class space    used 390K, committed 512K, reserved 1048576K
}
Event: 1537,427 GC heap after
{Heap after GC invocations=38 (full 0):
 garbage-first heap   total 247808K, used 54724K [0x0000000711000000, 0x0000000800000000)
  region size 2048K, 6 young (12288K), 6 survivors (12288K)
 Metaspace       used 6217K, committed 6464K, reserved 1114112K
  class space    used 390K, committed 512K, reserved 1048576K
}
Event: 1566,256 GC heap before
{Heap before GC invocations=38 (full 0):
 garbage-first heap   total 247808K, used 189892K [0x0000000711000000, 0x0000000800000000)
  region size 2048K, 72 young (147456K), 6 survivors (12288K)
 Metaspace       used 6217K, committed 6464K, reserved 1114112K
  class space    used 390K, committed 512K, reserved 1048576K
}
Event: 1566,263 GC heap after
{Heap after GC invocations=39 (full 0):
 garbage-first heap   total 247808K, used 55548K [0x0000000711000000, 0x0000000800000000)
  region size 2048K, 6 young (12288K), 6 survivors (12288K)
 Metaspace       used 6217K, committed 6464K, reserved 1114112K
  class space    used 390K, committed 512K, reserved 1048576K
}
Event: 1585,235 GC heap before
{Heap before GC invocations=39 (full 0):
 garbage-first heap   total 247808K, used 190716K [0x0000000711000000, 0x0000000800000000)
  region size 2048K, 72 young (147456K), 6 survivors (12288K)
 Metaspace       used 6217K, committed 6464K, reserved 1114112K
  class space    used 390K, committed 512K, reserved 1048576K
}
Event: 1585,241 GC heap after
{Heap after GC invocations=40 (full 0):
 garbage-first heap   total 247808K, used 56362K [0x0000000711000000, 0x0000000800000000)
  region size 2048K, 6 young (12288K), 6 survivors (12288K)
 Metaspace       used 6217K, committed 6464K, reserved 1114112K
  class space    used 390K, committed 512K, reserved 1048576K
}
Event: 1710,829 GC heap before
{Heap before GC invocations=40 (full 0):
 garbage-first heap   total 247808K, used 191530K [0x0000000711000000, 0x0000000800000000)
  region size 2048K, 72 young (147456K), 6 survivors (12288K)
 Metaspace       used 6217K, committed 6464K, reserved 1114112K
  class space    used 390K, committed 512K, reserved 1048576K
}
Event: 1710,833 GC heap after
{Heap after GC invocations=41 (full 0):
 garbage-first heap   total 247808K, used 58457K [0x0000000711000000, 0x0000000800000000)
  region size 2048K, 6 young (12288K), 6 survivors (12288K)
 Metaspace       used 6217K, committed 6464K, reserved 1114112K
  class space    used 390K, committed 512K, reserved 1048576K
}
Event: 1758,770 GC heap before
{Heap before GC invocations=41 (full 0):
 garbage-first heap   total 247808K, used 193625K [0x0000000711000000, 0x0000000800000000)
  region size 2048K, 72 young (147456K), 6 survivors (12288K)
 Metaspace       used 6217K, committed 6464K, reserved 1114112K
  class space    used 390K, committed 512K, reserved 1048576K
}
Event: 1758,776 GC heap after
{Heap after GC invocations=42 (full 0):
 garbage-first heap   total 247808K, used 59678K [0x0000000711000000, 0x0000000800000000)
  region size 2048K, 6 young (12288K), 6 survivors (12288K)
 Metaspace       used 6217K, committed 6464K, reserved 1114112K
  class space    used 390K, committed 512K, reserved 1048576K
}
Event: 2001,230 GC heap before
{Heap before GC invocations=42 (full 0):
 garbage-first heap   total 247808K, used 194846K [0x0000000711000000, 0x0000000800000000)
  region size 2048K, 72 young (147456K), 6 survivors (12288K)
 Metaspace       used 6217K, committed 6464K, reserved 1114112K
  class space    used 390K, committed 512K, reserved 1048576K
}
Event: 2001,236 GC heap after
{Heap after GC invocations=43 (full 0):
 garbage-first heap   total 247808K, used 60550K [0x0000000711000000, 0x0000000800000000)
  region size 2048K, 6 young (12288K), 6 survivors (12288K)
 Metaspace       used 6217K, committed 6464K, reserved 1114112K
  class space    used 390K, committed 512K, reserved 1048576K
}

