# JRE version: Java(TM) SE Runtime Environment (21.0.5+9) (build 21.0.5+9-LTS-239)
# Java VM: Java HotSpot(TM) 64-Bit Server VM (21.0.5+9-LTS-239, mixed mode, sharing, tiered, compressed oops, compressed class ptrs, g1 gc, linux-amd64)
Heap:
 garbage-first heap   total 247808K, used 121860K [0x0000000711000000, 0x0000000800000000)
  region size 2048K, 58 young (118784K), 6 survivors (12288K)
 Metaspace       used 6302K, committed 6528K, reserved 1114112K
  class space    used 402K, committed 512K, reserved 1048576K
GC Heap History (20 events):
Event: 1,637 GC heap before
{Heap before GC invocations=1 (full 0):
 garbage-first heap   total 247808K, used 39990K [0x0000000711000000, 0x0000000800000000)
  region size 2048K, 19 young (38912K), 2 survivors (4096K)
 Metaspace       used 6157K, committed 6336K, reserved 1114112K
  class space    used 389K, committed 512K, reserved 1048576K
}
Event: 1,639 GC heap after
{Heap after GC invocations=2 (full 0):
 garbage-first heap   total 247808K, used 5474K [0x0000000711000000, 0x0000000800000000)
  region size 2048K, 1 young (2048K), 1 survivors (2048K)
 Metaspace       used 6157K, committed 6336K, reserved 1114112K
  class space    used 389K, committed 512K, reserved 1048576K
}
Event: 5,906 GC heap before
{Heap before GC invocations=2 (full 0):
 garbage-first heap   total 247808K, used 150882K [0x0000000711000000, 0x0000000800000000)
  region size 2048K, 72 young (147456K), 1 survivors (2048K)
 Metaspace       used 6202K, committed 6464K, reserved 1114112K
  class space    used 389K, committed 512K, reserved 1048576K
}
Event: 5,907 GC heap after
{Heap after GC invocations=3 (full 0):
 garbage-first heap   total 247808K, used 6522K [0x0000000711000000, 0x0000000800000000)
  region size 2048K, 1 young (2048K), 1 survivors (2048K)
 Metaspace       used 6202K, committed 6464K, reserved 1114112K
  class space    used 389K, committed 512K, reserved 1048576K
}
Event: 10,212 GC heap before
{Heap before GC invocations=3 (full 0):
 garbage-first heap   total 247808K, used 151930K [0x0000000711000000, 0x0000000800000000)
  region size 2048K, 72 young (147456K), 1 survivors (2048K)
 Metaspace       used 6202K, committed 6464K, reserved 1114112K
  class space    used 389K, committed 512K, reserved 1048576K
}
Event: 10,214 GC heap after
{Heap after GC invocations=4 (full 0):
 garbage-first heap   total 247808K, used 7837K [0x0000000711000000, 0x0000000800000000)
  region size 2048K, 2 young (4096K), 2 survivors (4096K)
 Metaspace       used 6202K, committed 6464K, reserved 1114112K
  class space    used 389K, committed 512K, reserved 1048576K
}
Event: 14,486 GC heap before
{Heap before GC invocations=4 (full 0):
 garbage-first heap   total 247808K, used 151197K [0x0000000711000000, 0x0000000800000000)
  region size 2048K, 72 young (147456K), 2 survivors (4096K)
 Metaspace       used 6202K, committed 6464K, reserved 1114112K
  class space    used 389K, committed 512K, reserved 1048576K
}
Event: 14,488 GC heap after
{Heap after GC invocations=5 (full 0):
 garbage-first heap   total 247808K, used 9332K [0x0000000711000000, 0x0000000800000000)
  region size 2048K, 3 young (6144K), 3 survivors (6144K)
 Metaspace       used 6202K, committed 6464K, reserved 1114112K
  class space    used 389K, committed 512K, reserved 1048576K
}
Event: 18,678 GC heap before
{Heap before GC invocations=5 (full 0):
 garbage-first heap   total 247808K, used 150644K [0x0000000711000000, 0x0000000800000000)
  region size 2048K, 72 young (147456K), 3 survivors (6144K)
 Metaspace       used 6202K, committed 6464K, reserved 1114112K
  class space    used 389K, committed 512K, reserved 1048576K
}
Event: 18,680 GC heap after
{Heap after GC invocations=6 (full 0):
 garbage-first heap   total 247808K, used 10642K [0x0000000711000000, 0x0000000800000000)
  region size 2048K, 3 young (6144K), 3 survivors (6144K)
 Metaspace       used 6202K, committed 6464K, reserved 1114112K
  class space    used 389K, committed 512K, reserved 1048576K
}
Event: 22,855 GC heap before
{Heap before GC invocations=6 (full 0):
 garbage-first heap   total 247808K, used 151954K [0x0000000711000000, 0x0000000800000000)
  region size 2048K, 72 young (147456K), 3 survivors (6144K)
 Metaspace       used 6202K, committed 6464K, reserved 1114112K
  class space    used 389K, committed 512K, reserved 1048576K
}
Event: 22,860 GC heap after
{Heap after GC invocations=7 (full 0):
 garbage-first heap   total 247808K, used 11754K [0x0000000711000000, 0x0000000800000000)
  region size 2048K, 4 young (8192K), 4 survivors (8192K)
 Metaspace       used 6202K, committed 6464K, reserved 1114112K
  class space    used 389K, committed 512K, reserved 1048576K
}
Event: 26,974 GC heap before
{Heap before GC invocations=7 (full 0):
 garbage-first heap   total 247808K, used 151018K [0x0000000711000000, 0x0000000800000000)
  region size 2048K, 72 young (147456K), 4 survivors (8192K)
 Metaspace       used 6202K, committed 6464K, reserved 1114112K
  class space    used 389K, committed 512K, reserved 1048576K
}
Event: 26,978 GC heap after
{Heap after GC invocations=8 (full 0):
 garbage-first heap   total 247808K, used 12883K [0x0000000711000000, 0x0000000800000000)
  region size 2048K, 4 young (8192K), 4 survivors (8192K)
 Metaspace       used 6202K, committed 6464K, reserved 1114112K
  class space    used 389K, committed 512K, reserved 1048576K
}
Event: 31,132 GC heap before
{Heap before GC invocations=8 (full 0):
 garbage-first heap   total 247808K, used 152147K [0x0000000711000000, 0x0000000800000000)
  region size 2048K, 72 young (147456K), 4 survivors (8192K)
 Metaspace       used 6202K, committed 6464K, reserved 1114112K
  class space    used 389K, committed 512K, reserved 1048576K
}
Event: 31,137 GC heap after
{Heap after GC invocations=9 (full 0):
 garbage-first heap   total 247808K, used 15023K [0x0000000711000000, 0x0000000800000000)
  region size 2048K, 5 young (10240K), 5 survivors (10240K)
 Metaspace       used 6202K, committed 6464K, reserved 1114112K
  class space    used 389K, committed 512K, reserved 1048576K
}
Event: 35,320 GC heap before
{Heap before GC invocations=9 (full 0):
 garbage-first heap   total 247808K, used 152239K [0x0000000711000000, 0x0000000800000000)
  region size 2048K, 72 young (147456K), 5 survivors (10240K)
 Metaspace       used 6202K, committed 6464K, reserved 1114112K
  class space    used 389K, committed 512K, reserved 1048576K
}
Event: 35,323 GC heap after
{Heap after GC invocations=10 (full 0):
 garbage-first heap   total 247808K, used 16782K [0x0000000711000000, 0x0000000800000000)
  region size 2048K, 6 young (12288K), 6 survivors (12288K)
 Metaspace       used 6202K, committed 6464K, reserved 1114112K
  class space    used 389K, committed 512K, reserved 1048576K
}
Event: 39,423 GC heap before
{Heap before GC invocations=10 (full 0):
 garbage-first heap   total 247808K, used 151950K [0x0000000711000000, 0x0000000800000000)
  region size 2048K, 72 young (147456K), 6 survivors (12288K)
 Metaspace       used 6202K, committed 6464K, reserved 1114112K
  class space    used 389K, committed 512K, reserved 1048576K
}
Event: 39,429 GC heap after
{Heap after GC invocations=11 (full 0):
 garbage-first heap   total 247808K, used 17412K [0x0000000711000000, 0x0000000800000000)
  region size 2048K, 6 young (12288K), 6 survivors (12288K)
 Metaspace       used 6202K, committed 6464K, reserved 1114112K
  class space    used 389K, committed 512K, reserved 1048576K
}

