# JRE version: Java(TM) SE Runtime Environment (21.0.5+9) (build 21.0.5+9-LTS-239)
# Java VM: Java HotSpot(TM) 64-Bit Server VM (21.0.5+9-LTS-239, mixed mode, sharing, tiered, compressed oops, compressed class ptrs, g1 gc, linux-amd64)
Heap:
 garbage-first heap   total 247808K, used 97370K [0x0000000711000000, 0x0000000800000000)
  region size 2048K, 47 young (96256K), 3 survivors (6144K)
 Metaspace       used 6314K, committed 6528K, reserved 1114112K
  class space    used 402K, committed 512K, reserved 1048576K
GC Heap History (10 events):
Event: 0,695 GC heap before
{Heap before GC invocations=0 (full 0):
 garbage-first heap   total 247808K, used 23606K [0x0000000711000000, 0x0000000800000000)
  region size 2048K, 11 young (22528K), 0 survivors (0K)
 Metaspace       used 6045K, committed 6208K, reserved 1114112K
  class space    used 389K, committed 512K, reserved 1048576K
}
Event: 0,698 GC heap after
{Heap after GC invocations=1 (full 0):
 garbage-first heap   total 247808K, used 4853K [0x0000000711000000, 0x0000000800000000)
  region size 2048K, 2 young (4096K), 2 survivors (4096K)
 Metaspace       used 6045K, committed 6208K, reserved 1114112K
  class space    used 389K, committed 512K, reserved 1048576K
}
Event: 1,648 GC heap before
{Heap before GC invocations=1 (full 0):
 garbage-first heap   total 247808K, used 39669K [0x0000000711000000, 0x0000000800000000)
  region size 2048K, 19 young (38912K), 2 survivors (4096K)
 Metaspace       used 6171K, committed 6400K, reserved 1114112K
  class space    used 389K, committed 512K, reserved 1048576K
}
Event: 1,650 GC heap after
{Heap after GC invocations=2 (full 0):
 garbage-first heap   total 247808K, used 5792K [0x0000000711000000, 0x0000000800000000)
  region size 2048K, 1 young (2048K), 1 survivors (2048K)
 Metaspace       used 6171K, committed 6400K, reserved 1114112K
  class space    used 389K, committed 512K, reserved 1048576K
}
Event: 6,072 GC heap before
{Heap before GC invocations=2 (full 0):
 garbage-first heap   total 247808K, used 151200K [0x0000000711000000, 0x0000000800000000)
  region size 2048K, 72 young (147456K), 1 survivors (2048K)
 Metaspace       used 6213K, committed 6464K, reserved 1114112K
  class space    used 389K, committed 512K, reserved 1048576K
}
Event: 6,074 GC heap after
{Heap after GC invocations=3 (full 0):
 garbage-first heap   total 247808K, used 6837K [0x0000000711000000, 0x0000000800000000)
  region size 2048K, 1 young (2048K), 1 survivors (2048K)
 Metaspace       used 6213K, committed 6464K, reserved 1114112K
  class space    used 389K, committed 512K, reserved 1048576K
}
Event: 10,370 GC heap before
{Heap before GC invocations=3 (full 0):
 garbage-first heap   total 247808K, used 152245K [0x0000000711000000, 0x0000000800000000)
  region size 2048K, 72 young (147456K), 1 survivors (2048K)
 Metaspace       used 6213K, committed 6464K, reserved 1114112K
  class space    used 389K, committed 512K, reserved 1048576K
}
Event: 10,372 GC heap after
{Heap after GC invocations=4 (full 0):
 garbage-first heap   total 247808K, used 8154K [0x0000000711000000, 0x0000000800000000)
  region size 2048K, 2 young (4096K), 2 survivors (4096K)
 Metaspace       used 6213K, committed 6464K, reserved 1114112K
  class space    used 389K, committed 512K, reserved 1048576K
}
Event: 14,693 GC heap before
{Heap before GC invocations=4 (full 0):
 garbage-first heap   total 247808K, used 151514K [0x0000000711000000, 0x0000000800000000)
  region size 2048K, 72 young (147456K), 2 survivors (4096K)
 Metaspace       used 6213K, committed 6464K, reserved 1114112K
  class space    used 389K, committed 512K, reserved 1048576K
}
Event: 14,695 GC heap after
{Heap after GC invocations=5 (full 0):
 garbage-first heap   total 247808K, used 9306K [0x0000000711000000, 0x0000000800000000)
  region size 2048K, 3 young (6144K), 3 survivors (6144K)
 Metaspace       used 6213K, committed 6464K, reserved 1114112K
  class space    used 389K, committed 512K, reserved 1048576K
}

