# JRE version: Java(TM) SE Runtime Environment (21.0.5+9) (build 21.0.5+9-LTS-239)
# Java VM: Java HotSpot(TM) 64-Bit Server VM (21.0.5+9-LTS-239, mixed mode, sharing, tiered, compressed oops, compressed class ptrs, g1 gc, linux-amd64)
Heap:
 garbage-first heap   total 247808K, used 117012K [0x0000000711000000, 0x0000000800000000)
  region size 2048K, 56 young (114688K), 3 survivors (6144K)
 Metaspace       used 6307K, committed 6528K, reserved 1114112K
  class space    used 402K, committed 512K, reserved 1048576K
GC Heap History (12 events):
Event: 1,255 GC heap before
{Heap before GC invocations=0 (full 0):
 garbage-first heap   total 247808K, used 23606K [0x0000000711000000, 0x0000000800000000)
  region size 2048K, 11 young (22528K), 0 survivors (0K)
 Metaspace       used 6021K, committed 6208K, reserved 1114112K
  class space    used 389K, committed 512K, reserved 1048576K
}
Event: 1,259 GC heap after
{Heap after GC invocations=1 (full 0):
 garbage-first heap   total 247808K, used 5194K [0x0000000711000000, 0x0000000800000000)
  region size 2048K, 2 young (4096K), 2 survivors (4096K)
 Metaspace       used 6021K, committed 6208K, reserved 1114112K
  class space    used 389K, committed 512K, reserved 1048576K
}
Event: 2,215 GC heap before
{Heap before GC invocations=1 (full 0):
 garbage-first heap   total 247808K, used 40010K [0x0000000711000000, 0x0000000800000000)
  region size 2048K, 19 young (38912K), 2 survivors (4096K)
 Metaspace       used 6161K, committed 6336K, reserved 1114112K
  class space    used 389K, committed 512K, reserved 1048576K
}
Event: 2,218 GC heap after
{Heap after GC invocations=2 (full 0):
 garbage-first heap   total 247808K, used 5364K [0x0000000711000000, 0x0000000800000000)
  region size 2048K, 1 young (2048K), 1 survivors (2048K)
 Metaspace       used 6161K, committed 6336K, reserved 1114112K
  class space    used 389K, committed 512K, reserved 1048576K
}
Event: 7,127 GC heap before
{Heap before GC invocations=2 (full 0):
 garbage-first heap   total 247808K, used 150772K [0x0000000711000000, 0x0000000800000000)
  region size 2048K, 72 young (147456K), 1 survivors (2048K)
 Metaspace       used 6203K, committed 6464K, reserved 1114112K
  class space    used 389K, committed 512K, reserved 1048576K
}
Event: 7,129 GC heap after
{Heap after GC invocations=3 (full 0):
 garbage-first heap   total 247808K, used 6355K [0x0000000711000000, 0x0000000800000000)
  region size 2048K, 1 young (2048K), 1 survivors (2048K)
 Metaspace       used 6203K, committed 6464K, reserved 1114112K
  class space    used 389K, committed 512K, reserved 1048576K
}
Event: 12,114 GC heap before
{Heap before GC invocations=3 (full 0):
 garbage-first heap   total 247808K, used 151763K [0x0000000711000000, 0x0000000800000000)
  region size 2048K, 72 young (147456K), 1 survivors (2048K)
 Metaspace       used 6204K, committed 6464K, reserved 1114112K
  class space    used 389K, committed 512K, reserved 1048576K
}
Event: 12,117 GC heap after
{Heap after GC invocations=4 (full 0):
 garbage-first heap   total 247808K, used 7754K [0x0000000711000000, 0x0000000800000000)
  region size 2048K, 2 young (4096K), 2 survivors (4096K)
 Metaspace       used 6204K, committed 6464K, reserved 1114112K
  class space    used 389K, committed 512K, reserved 1048576K
}
Event: 17,052 GC heap before
{Heap before GC invocations=4 (full 0):
 garbage-first heap   total 247808K, used 151114K [0x0000000711000000, 0x0000000800000000)
  region size 2048K, 72 young (147456K), 2 survivors (4096K)
 Metaspace       used 6205K, committed 6464K, reserved 1114112K
  class space    used 389K, committed 512K, reserved 1048576K
}
Event: 17,055 GC heap after
{Heap after GC invocations=5 (full 0):
 garbage-first heap   total 247808K, used 9206K [0x0000000711000000, 0x0000000800000000)
  region size 2048K, 3 young (6144K), 3 survivors (6144K)
 Metaspace       used 6205K, committed 6464K, reserved 1114112K
  class space    used 389K, committed 512K, reserved 1048576K
}
Event: 21,864 GC heap before
{Heap before GC invocations=5 (full 0):
 garbage-first heap   total 247808K, used 150518K [0x0000000711000000, 0x0000000800000000)
  region size 2048K, 72 young (147456K), 3 survivors (6144K)
 Metaspace       used 6205K, committed 6464K, reserved 1114112K
  class space    used 389K, committed 512K, reserved 1048576K
}
Event: 21,867 GC heap after
{Heap after GC invocations=6 (full 0):
 garbage-first heap   total 247808K, used 10516K [0x0000000711000000, 0x0000000800000000)
  region size 2048K, 3 young (6144K), 3 survivors (6144K)
 Metaspace       used 6205K, committed 6464K, reserved 1114112K
  class space    used 389K, committed 512K, reserved 1048576K
}

